<?xml version="1.0" encoding="UTF-8"?>
<!-- Generated by org.testng.reporters.JUnitXMLReporter -->
<testsuite ignored="26" hostname="josh-Latitude-3410" failures="2" tests="5" name="Elements" time="0.058" errors="0" timestamp="2023-02-15T14:18:07 IST">
  <testcase classname="testcases.Textbox_Test" name="navigate_to_textbox" time="0.013">
    <skipped/>
  </testcase> <!-- navigate_to_textbox -->
  <testcase classname="testcases.Textbox_Test" name="navigate_to_textbox" time="0.001">
    <skipped/>
  </testcase> <!-- navigate_to_textbox -->
  <testcase classname="testcases.Textbox_Test" name="navigate_to_textbox" time="0.001">
    <skipped/>
  </testcase> <!-- navigate_to_textbox -->
  <testcase classname="testcases.Textbox_Test" name="navigate_to_textbox" time="0.001">
    <failure type="java.lang.NullPointerException" message="Cannot invoke &amp;quot;org.openqa.selenium.WebDriver.findElement(org.openqa.selenium.By)&amp;quot; because &amp;quot;locators.Home_page_locators.driver&amp;quot; is null">
      <![CDATA[java.lang.NullPointerException: Cannot invoke "org.openqa.selenium.WebDriver.findElement(org.openqa.selenium.By)" because "locators.Home_page_locators.driver" is null
at locators.Home_page_locators.element(Home_page_locators.java:11)
at actions.HomePage.navigate_to_Elements(HomePage.java:13)
at testcases.Textbox_Test.navigate_to_textbox(Textbox_Test.java:20)
at java.base/java.util.ArrayList.forEach(ArrayList.java:1511)
... Removed 27 stack frames]]>
    </failure>
  </testcase> <!-- navigate_to_textbox -->
  <testcase classname="testcases.Textbox_Test" name="navigate_to_textbox" time="0.039">
    <failure type="java.lang.NullPointerException" message="Cannot invoke &amp;quot;org.openqa.selenium.TakesScreenshot.getScreenshotAs(org.openqa.selenium.OutputType)&amp;quot; because &amp;quot;utilities.CommonUtilities.driver&amp;quot; is null">
      <![CDATA[java.lang.NullPointerException: Cannot invoke "org.openqa.selenium.TakesScreenshot.getScreenshotAs(org.openqa.selenium.OutputType)" because "utilities.CommonUtilities.driver" is null
at utilities.CommonUtilities.takeScreenshot(CommonUtilities.java:98)
at listener.Listeners.onTestFailure(Listeners.java:57)
at java.base/java.util.ArrayList.forEach(ArrayList.java:1511)
... Removed 24 stack frames]]>
    </failure>
  </testcase> <!-- navigate_to_textbox -->
  <testcase classname="testcases.Webtable_Test" name="edit_Row1" time="0.0">
    <ignored/>
  </testcase> <!-- edit_Row1 -->
  <testcase classname="testcases.Webtable_Test" name="edit_Row1" time="0.0">
    <ignored/>
  </testcase> <!-- edit_Row1 -->
  <testcase classname="testcases.Webtable_Test" name="verify_Edits_to_Row1" time="0.0">
    <ignored/>
  </testcase> <!-- verify_Edits_to_Row1 -->
  <testcase classname="testcases.DynamicProperties_Test" name="verifyEnabledBtn" time="0.0">
    <ignored/>
  </testcase> <!-- verifyEnabledBtn -->
  <testcase classname="testcases.Textbox_Test" name="verify_submitted_data" time="0.0">
    <ignored/>
  </testcase> <!-- verify_submitted_data -->
  <testcase classname="testcases.RadioButton_Test" name="select_radio_button" time="0.0">
    <ignored/>
  </testcase> <!-- select_radio_button -->
  <testcase classname="testcases.Buttons_Test" name="rightClick" time="0.0">
    <ignored/>
  </testcase> <!-- rightClick -->
  <testcase classname="testcases.Buttons_Test" name="doubleClick" time="0.0">
    <ignored/>
  </testcase> <!-- doubleClick -->
  <testcase classname="testcases.UploadDownload_Test" name="downloadFile" time="0.0">
    <ignored/>
  </testcase> <!-- downloadFile -->
  <testcase classname="testcases.RadioButton_Test" name="verifyDisabledRadio" time="0.0">
    <ignored/>
  </testcase> <!-- verifyDisabledRadio -->
  <testcase classname="testcases.Textbox_Test" name="verify_labels" time="0.0">
    <ignored/>
  </testcase> <!-- verify_labels -->
  <testcase classname="testcases.BrokenLinks_Test" name="findBrokenImages" time="0.0">
    <ignored/>
  </testcase> <!-- findBrokenImages -->
  <testcase classname="testcases.DynamicProperties_Test" name="verifyDisabledBtn" time="0.0">
    <ignored/>
  </testcase> <!-- verifyDisabledBtn -->
  <testcase classname="testcases.UploadDownload_Test" name="uploadFile" time="0.0">
    <ignored/>
  </testcase> <!-- uploadFile -->
  <testcase classname="testcases.DynamicProperties_Test" name="verifyBtnColorChange" time="0.0">
    <ignored/>
  </testcase> <!-- verifyBtnColorChange -->
  <testcase classname="testcases.Buttons_Test" name="dynamicClick" time="0.0">
    <ignored/>
  </testcase> <!-- dynamicClick -->
  <testcase classname="testcases.Links_Test" name="clickLinks" time="0.0">
    <ignored/>
  </testcase> <!-- clickLinks -->
  <testcase classname="testcases.Checkbox_Test" name="checkbox" time="0.0">
    <ignored/>
  </testcase> <!-- checkbox -->
  <testcase classname="testcases.DynamicProperties_Test" name="verifyVisibilityOfInvisibleBtn" time="0.0">
    <ignored/>
  </testcase> <!-- verifyVisibilityOfInvisibleBtn -->
  <testcase classname="testcases.Textbox_Test" name="enter_data" time="0.0">
    <ignored/>
  </testcase> <!-- enter_data -->
  <testcase classname="testcases.Webtable_Test" name="submit_Data" time="0.0">
    <ignored/>
  </testcase> <!-- submit_Data -->
  <testcase classname="testcases.BrokenLinks_Test" name="findBrokenLink" time="0.0">
    <ignored/>
  </testcase> <!-- findBrokenLink -->
  <testcase classname="testcases.Textbox_Test" name="click_submit" time="0.0">
    <ignored/>
  </testcase> <!-- click_submit -->
  <testcase classname="testcases.Webtable_Test" name="printRow1" time="0.0">
    <ignored/>
  </testcase> <!-- printRow1 -->
  <testcase classname="testcases.Textbox_Test" name="verify_entered_data" time="0.0">
    <ignored/>
  </testcase> <!-- verify_entered_data -->
  <testcase classname="testcases.DynamicProperties_Test" name="buttonColorBefore" time="0.0">
    <ignored/>
  </testcase> <!-- buttonColorBefore -->
</testsuite> <!-- Elements -->
